<?xml version="1.0" encoding="utf-8"?>
<RelativeLayout xmlns:android="http://schemas.android.com/apk/res/android"
    android:layout_width="match_parent"
    android:layout_height="match_parent" >

    <Button
        android:id="@+id/Button_Success"
        android:layout_width="fill_parent"
        android:layout_height="250dp"
        android:layout_above="@+id/Button_Fail"
        android:layout_alignParentRight="true"
        android:layout_alignParentTop="true"
        android:background="@drawable/bk_true"
        android:text="@string/Button_Status_Success"
        android:textSize="25dip" />

    <Button
        android:id="@+id/Button_Fail"
        android:layout_width="wrap_content"
        android:layout_height="250dp"
        android:layout_alignParentBottom="true"
        android:layout_alignParentLeft="true"
        android:layout_alignParentRight="true"
        android:text="@string/Button_Status_Fail" 
        android:background="@drawable/bk_fail"
        android:textSize="25dip"/>

</RelativeLayout>